2013/05/21 11:02:32 [error] [exception.CHttpException.404] exception 'CHttpException' with message 'Unable to resolve the request "gii".' in /opt/yii/framework/web/CWebApplication.php:286
Stack trace:
#0 /opt/yii/framework/web/CWebApplication.php(141): CWebApplication->runController('gii')
#1 /opt/yii/framework/base/CApplication.php(169): CWebApplication->processRequest()
#2 /var/www/yii/index.php(13): CApplication->run()
#3 {main}
REQUEST_URI=/yii/index.php?r=gii
---
2013/05/21 11:08:05 [error] [exception.CDbException] exception 'CDbException' with message 'CDbConnection failed to open the DB connection: SQLSTATE[28000] [1045] Access denied for user 'root'@'localhost' (using password: NO)' in /opt/yii/framework/db/CDbConnection.php:381
Stack trace:
#0 /opt/yii/framework/db/CDbConnection.php(330): CDbConnection->open()
#1 /opt/yii/framework/db/CDbConnection.php(308): CDbConnection->setActive(true)
#2 /opt/yii/framework/base/CModule.php(387): CDbConnection->init()
#3 /opt/yii/framework/base/CModule.php(103): CModule->getComponent('db')
#4 /opt/yii/framework/gii/generators/model/ModelCode.php(57): CModule->__get('db')
#5 /opt/yii/framework/web/CFormModel.php(39): ModelCode->init()
#6 /opt/yii/framework/gii/CCodeGenerator.php(153): CFormModel->__construct()
#7 /opt/yii/framework/gii/CCodeGenerator.php(63): CCodeGenerator->prepare()
#8 /opt/yii/framework/web/actions/CInlineAction.php(49): CCodeGenerator->actionIndex()
#9 /opt/yii/framework/web/CController.php(308): CInlineAction->runWithParams(Array)
#10 /opt/yii/framework/web/CController.php(286): CController->runAction(Object(CInlineAction))
#11 /opt/yii/framework/web/CController.php(265): CController->runActionWithFilters(Object(CInlineAction), Array)
#12 /opt/yii/framework/web/CWebApplication.php(282): CController->run('')
#13 /opt/yii/framework/web/CWebApplication.php(141): CWebApplication->runController('gii/model')
#14 /opt/yii/framework/base/CApplication.php(169): CWebApplication->processRequest()
#15 /var/www/yii/index.php(13): CApplication->run()
#16 {main}
REQUEST_URI=/yii/index.php?r=gii/model
HTTP_REFERER=http://localhost/yii/index.php?r=gii/default/index
---
2013/05/21 11:09:52 [error] [system.db.CDbCommand] CDbCommand::fetchAll() failed: SQLSTATE[42S02]: Base table or view not found: 1146 Table 'test.tbl_user' doesn't exist. The SQL statement executed was: SHOW FULL COLUMNS FROM `tbl_user`.
in /var/www/yii/index.php (13)
2013/05/21 11:10:54 [error] [system.db.CDbCommand] CDbCommand::fetchAll() failed: SQLSTATE[42S02]: Base table or view not found: 1146 Table 'test.tbl_user' doesn't exist. The SQL statement executed was: SHOW FULL COLUMNS FROM `tbl_user`.
in /var/www/yii/index.php (13)
2013/05/21 11:20:32 [error] [exception.CHttpException.404] exception 'CHttpException' with message 'Unable to resolve the request "user".' in /opt/yii/framework/web/CWebApplication.php:286
Stack trace:
#0 /opt/yii/framework/web/CWebApplication.php(141): CWebApplication->runController('user')
#1 /opt/yii/framework/base/CApplication.php(169): CWebApplication->processRequest()
#2 /var/www/yii/index.php(13): CApplication->run()
#3 {main}
REQUEST_URI=/yii/index.php?r=user
---
2013/05/21 11:20:41 [error] [exception.CHttpException.404] exception 'CHttpException' with message 'Unable to resolve the request "user".' in /opt/yii/framework/web/CWebApplication.php:286
Stack trace:
#0 /opt/yii/framework/web/CWebApplication.php(141): CWebApplication->runController('user')
#1 /opt/yii/framework/base/CApplication.php(169): CWebApplication->processRequest()
#2 /var/www/yii/index.php(13): CApplication->run()
#3 {main}
REQUEST_URI=/yii/index.php?r=user
---
2013/05/21 11:27:11 [error] [exception.CHttpException.404] exception 'CHttpException' with message 'Unable to resolve the request "use".' in /opt/yii/framework/web/CWebApplication.php:286
Stack trace:
#0 /opt/yii/framework/web/CWebApplication.php(141): CWebApplication->runController('use')
#1 /opt/yii/framework/base/CApplication.php(169): CWebApplication->processRequest()
#2 /var/www/yii/index.php(13): CApplication->run()
#3 {main}
REQUEST_URI=/yii/index.php?r=use
---
